<?xml version="1.0" encoding="UTF-8"?>
<!-- Generated by org.testng.reporters.JUnitXMLReporter -->
<testsuite ignored="0" hostname="LIN41006734" failures="0" tests="5" name="Default test" time="42.302" errors="0" timestamp="2022-05-20T23:04:20 IST">
  <testcase classname="seleniumAssignment.AssignmentTest" name="signin" time="7.925"/>
  <testcase classname="seleniumAssignment.AssignmentTest" name="selectTshirtInWomen" time="4.307"/>
  <testcase classname="seleniumAssignment.AssignmentTest" name="clickMore" time="5.289"/>
  <testcase classname="seleniumAssignment.AssignmentTest" name="QuantSizeColor" time="0.208"/>
  <testcase classname="seleniumAssignment.AssignmentTest" name="addCartAndProceed" time="4.897"/>
</testsuite> <!-- Default test -->
