<?xml version="1.0" encoding="UTF-8"?>
<testng-results ignored="0" total="5" passed="5" failed="0" skipped="0">
  <reporter-output>
  </reporter-output>
  <suite started-at="2022-05-20T23:03:37 IST" name="Default suite" finished-at="2022-05-20T23:04:20 IST" duration-ms="42302">
    <groups>
    </groups>
    <test started-at="2022-05-20T23:03:37 IST" name="Default test" finished-at="2022-05-20T23:04:20 IST" duration-ms="42302">
      <class name="seleniumAssignment.AssignmentTest">
        <test-method is-config="true" signature="setUp()[pri:0, instance:seleniumAssignment.AssignmentTest@38cee291]" started-at="2022-05-20T23:03:37 IST" name="setUp" finished-at="2022-05-20T23:03:57 IST" duration-ms="19462" status="PASS">
          <reporter-output>
          </reporter-output>
        </test-method> <!-- setUp -->
        <test-method signature="signin()[pri:1, instance:seleniumAssignment.AssignmentTest@38cee291]" started-at="2022-05-20T23:03:57 IST" name="signin" description="Login---&gt;Test" finished-at="2022-05-20T23:04:05 IST" duration-ms="7925" status="PASS">
          <reporter-output>
          </reporter-output>
        </test-method> <!-- signin -->
        <test-method signature="selectTshirtInWomen()[pri:2, instance:seleniumAssignment.AssignmentTest@38cee291]" started-at="2022-05-20T23:04:05 IST" name="selectTshirtInWomen" description="Selecting T-shirts in women---&gt;Test" finished-at="2022-05-20T23:04:09 IST" duration-ms="4307" status="PASS">
          <reporter-output>
          </reporter-output>
        </test-method> <!-- selectTshirtInWomen -->
        <test-method signature="clickMore()[pri:3, instance:seleniumAssignment.AssignmentTest@38cee291]" started-at="2022-05-20T23:04:09 IST" name="clickMore" description="Clicking on more button---&gt;Test" finished-at="2022-05-20T23:04:14 IST" duration-ms="5289" status="PASS">
          <reporter-output>
          </reporter-output>
        </test-method> <!-- clickMore -->
        <test-method signature="QuantSizeColor()[pri:4, instance:seleniumAssignment.AssignmentTest@38cee291]" started-at="2022-05-20T23:04:14 IST" name="QuantSizeColor" description="Selecting Quantity, Size and Color---&gt;Test" finished-at="2022-05-20T23:04:15 IST" duration-ms="208" status="PASS">
          <reporter-output>
          </reporter-output>
        </test-method> <!-- QuantSizeColor -->
        <test-method signature="addCartAndProceed()[pri:5, instance:seleniumAssignment.AssignmentTest@38cee291]" started-at="2022-05-20T23:04:15 IST" name="addCartAndProceed" description="Adding in cart and Proceed to checkout---&gt;Test" finished-at="2022-05-20T23:04:20 IST" duration-ms="4897" status="PASS">
          <reporter-output>
          </reporter-output>
        </test-method> <!-- addCartAndProceed -->
        <test-method is-config="true" signature="finish()[pri:0, instance:seleniumAssignment.AssignmentTest@38cee291]" started-at="2022-05-20T23:04:20 IST" name="finish" finished-at="2022-05-20T23:04:20 IST" duration-ms="181" status="PASS">
          <reporter-output>
          </reporter-output>
        </test-method> <!-- finish -->
      </class> <!-- seleniumAssignment.AssignmentTest -->
    </test> <!-- Default test -->
  </suite> <!-- Default suite -->
</testng-results>
